<?xml version="1.0" encoding="UTF-8"?>
<testExecutions version="1">
  <file path="D:\VS -code  git repo\Blinkist-main\src\Components\organisms\Card\index.test.tsx">
    <testCase name="it should render same bookname text" duration="223"/>
    <testCase name="should render same writer name text" duration="56"/>
    <testCase name="should render same time read text" duration="47"/>
    <testCase name="should render white background color if inLibrary is true" duration="105"/>
    <testCase name="should render different color of card body when inLibrary is false as well as in hoveredState" duration="105"/>
    <testCase name="should renders different color od card box when inLibrary is false as well as in hoveredState" duration="91"/>
    <testCase name="should card-library-handler be clickable and when inLIbrary is false" duration="61"/>
  </file>
  <file path="D:\VS -code  git repo\Blinkist-main\src\Components\pages\MyLibrary\index.test.tsx">
    <testCase name="Library it renders cicular progress bar if books are not available" duration="537"/>
    <testCase name="Library should not render cicular progress bar if books are available" duration="333"/>
    <testCase name="Library it should render same no of finished books" duration="718"/>
    <testCase name="Library should render same no of currently books" duration="183"/>
  </file>
  <file path="D:\VS -code  git repo\Blinkist-main\src\Components\pages\EntrepreneurPage\index.test.tsx">
    <testCase name="Home it should renders input" duration="890"/>
    <testCase name="Home should render containers matching to data length" duration="466"/>
    <testCase name="Home should render a circularbox if library is empty" duration="133"/>
    <testCase name="Home clickable library handler" duration="484"/>
  </file>
  <file path="D:\VS -code  git repo\Blinkist-main\src\Components\pages\BookInfoPage\index.test.tsx">
    <testCase name="it is Book Info should render circular bar if data is empty" duration="262"/>
    <testCase name="it is Book Info should not render circular bar if data is not empty" duration="2074"/>
    <testCase name="it is Book Info should render tabs with clickable option" duration="2190"/>
    <testCase name="it is Book Info should renders third tab with clickable option" duration="2131"/>
  </file>
  <file path="D:\VS -code  git repo\Blinkist-main\src\App.test.tsx">
    <testCase name="It renders the App Component" duration="144"/>
  </file>
  <file path="D:\VS -code  git repo\Blinkist-main\src\Components\Template\Template.test.tsx">
    <testCase name="Template should renders circular bar if data is empty" duration="56"/>
  </file>
  <file path="D:\VS -code  git repo\Blinkist-main\src\Components\organisms\Header\index.test.tsx">
    <testCase name="Headers it search-state-button button should be clickable" duration="741"/>
  </file>
  <file path="D:\VS -code  git repo\Blinkist-main\src\Components\organisms\Explorer\index.test.tsx">
    <testCase name="Explore renders Explore by category heading" duration="580"/>
    <testCase name="Explore should recently added text to be clickable" duration="372"/>
    <testCase name="Explore it should See popular titles to be clickable" duration="309"/>
    <testCase name="Explore Explore by category text should be blue" duration="343"/>
    <testCase name="Explore Nav Icon count should be 26" duration="319"/>
  </file>
  <file path="D:\VS -code  git repo\Blinkist-main\src\Components\molecules\tabs\index.test.tsx">
    <testCase name="it should renders 2 tabw for 2 length data" duration="225"/>
    <testCase name="this should have green indicator color for currently reading tab by default" duration="88"/>
  </file>
  <file path="D:\VS -code  git repo\Blinkist-main\src\Components\molecules\Logo\index.test.tsx">
    <testCase name="should renders Logo" duration="31"/>
  </file>
  <file path="D:\VS -code  git repo\Blinkist-main\src\Components\molecules\Banner1\index.test.tsx">
    <testCase name="Banner  Heading" duration="128"/>
  </file>
  <file path="D:\VS -code  git repo\Blinkist-main\src\Components\molecules\NavIcon\index.test.tsx">
    <testCase name="handles hover state" duration="55"/>
    <testCase name="it render the nav icon as well as label" duration="18"/>
    <testCase name="Left icon" duration="17"/>
    <testCase name="Right icon" duration="33"/>
    <testCase name="teststate" duration="12"/>
  </file>
  <file path="D:\VS -code  git repo\Blinkist-main\src\Components\atoms\Typography\index.test.tsx">
    <testCase name="render Text passed from prop" duration="26"/>
  </file>
  <file path="D:\VS -code  git repo\Blinkist-main\src\Components\molecules\Search\index.test.tsx">
    <testCase name="it should renders input box" duration="214"/>
    <testCase name="it should render filtered result of length 2 for Employee search" duration="407"/>
  </file>
  <file path="D:\VS -code  git repo\Blinkist-main\src\Components\atoms\Input\index.test.tsx">
    <testCase name="Inputs Components" duration="203"/>
    <testCase name="it should render input element" duration="74"/>
    <testCase name="should be able to type in input" duration="40"/>
  </file>
  <file path="D:\VS -code  git repo\Blinkist-main\src\Components\atoms\ProgressBar\index.test.tsx">
    <testCase name="should render progressbar" duration="81"/>
    <testCase name="should renders progressbar with value" duration="53"/>
  </file>
  <file path="D:\VS -code  git repo\Blinkist-main\src\Components\atoms\Avatar\index.test.tsx">
    <testCase name="renders the avatar" duration="50"/>
  </file>
  <file path="D:\VS -code  git repo\Blinkist-main\src\Components\atoms\Button\index.test.tsx">
    <testCase name="it is renders Button" duration="200"/>
  </file>
  <file path="D:\VS -code  git repo\Blinkist-main\src\Components\atoms\Blank\index.test.tsx">
    <testCase name="renders  blank component" duration="26"/>
  </file>
  <file path="D:\VS -code  git repo\Blinkist-main\src\Components\organisms\Footer\index.test.tsx">
    <testCase name="Footers" duration="231"/>
  </file>
  <file path="D:\VS -code  git repo\Blinkist-main\src\Components\atoms\Icons\index.test.tsx">
    <testCase name="it should be render passed icon" duration="33"/>
  </file>
  <file path="D:\VS -code  git repo\Blinkist-main\src\Components\atoms\Images\index.test.tsx">
    <testCase name="it has renders Images" duration="67"/>
  </file>
</testExecutions>